14:08:26 **** Incremental Build of configuration Debug for project comp2012_pa2 ****
make all 
Building file: ../Multiset.cpp
Invoking: GCC C++ Compiler
g++ -O0 -g3 -Wall -c -fmessage-length=0 -MMD -MP -MF"Multiset.d" -MT"Multiset.o" -o "Multiset.o" "../Multiset.cpp"
Finished building: ../Multiset.cpp
 
Building file: ../Node.cpp
Invoking: GCC C++ Compiler
g++ -O0 -g3 -Wall -c -fmessage-length=0 -MMD -MP -MF"Node.d" -MT"Node.o" -o "Node.o" "../Node.cpp"
Finished building: ../Node.cpp
 
Building file: ../main.cpp
Invoking: GCC C++ Compiler
g++ -O0 -g3 -Wall -c -fmessage-length=0 -MMD -MP -MF"main.d" -MT"main.o" -o "main.o" "../main.cpp"
Finished building: ../main.cpp
 
Building target: comp2012_pa2
Invoking: GCC C++ Linker
g++  -o "comp2012_pa2"  ./Multiset.o ./Node.o ./main.o   
Finished building target: comp2012_pa2
 
14:08:30 **** Incremental Build of configuration Debug for project comp2012_pa2 ****
make all 
make: Nothing to be done for 'all'.
